c:\users\wjung\source\repos\kalairline\kalairline\debug\vc142.pdb
c:\users\wjung\source\repos\kalairline\kalairline\debug\vc142.idb
c:\users\wjung\source\repos\kalairline\kalairline\debug\kalairline.obj
c:\users\wjung\source\repos\kalairline\kalairline\debug\flighttime.obj
c:\users\wjung\source\repos\kalairline\kalairline\debug\passenger.obj
c:\users\wjung\source\repos\kalairline\kalairline\debug\flight.obj
c:\users\wjung\source\repos\kalairline\kalairline\debug\datamanager.obj
c:\users\wjung\onedrive\desktop\new folder (2)\airlineapp\kalairline\debug\vc142.pdb
c:\users\wjung\onedrive\desktop\new folder (2)\airlineapp\kalairline\debug\vc142.idb
c:\users\wjung\onedrive\desktop\new folder (2)\airlineapp\kalairline\debug\passenger.obj
c:\users\wjung\onedrive\desktop\new folder (2)\airlineapp\kalairline\debug\kalairline.obj
c:\users\wjung\onedrive\desktop\new folder (2)\airlineapp\kalairline\debug\flighttime.obj
c:\users\wjung\onedrive\desktop\new folder (2)\airlineapp\kalairline\debug\flight.obj
c:\users\wjung\onedrive\desktop\new folder (2)\airlineapp\kalairline\debug\datamanager.obj
c:\users\wjung\source\repos\kalairline\debug\kalairline.exe
c:\users\wjung\source\repos\kalairline\debug\kalairline.ilk
c:\users\wjung\source\repos\kalairline\debug\kalairline.pdb
c:\users\wjung\onedrive\desktop\new folder (2)\airlineapp\debug\kalairline.exe
c:\users\wjung\onedrive\desktop\new folder (2)\airlineapp\debug\kalairline.ilk
c:\users\wjung\onedrive\desktop\new folder (2)\airlineapp\debug\kalairline.pdb
c:\users\wjung\onedrive\desktop\new folder (2)\airlineapp\kalairline\debug\kalairline.tlog\cl.command.1.tlog
c:\users\wjung\onedrive\desktop\new folder (2)\airlineapp\kalairline\debug\kalairline.tlog\cl.read.1.tlog
c:\users\wjung\onedrive\desktop\new folder (2)\airlineapp\kalairline\debug\kalairline.tlog\cl.write.1.tlog
c:\users\wjung\onedrive\desktop\new folder (2)\airlineapp\kalairline\debug\kalairline.tlog\link.command.1.tlog
c:\users\wjung\onedrive\desktop\new folder (2)\airlineapp\kalairline\debug\kalairline.tlog\link.read.1.tlog
c:\users\wjung\onedrive\desktop\new folder (2)\airlineapp\kalairline\debug\kalairline.tlog\link.write.1.tlog
